0 info it worked if it ends with ok
1 verbose cli [ 'node', '/usr/local/bin/npm', 'install' ]
2 info using npm@1.2.14
3 info using node@v0.10.0
4 verbose read json /Users/Jon/Desktop/git/charges-html-prototypes/package.json
5 verbose readDependencies using package.json deps
6 verbose install where, deps [ '/Users/Jon/Desktop/git/charges-html-prototypes',
6 verbose install   [ 'consolidate',
6 verbose install     'cookie-session',
6 verbose install     'express',
6 verbose install     'express-writer',
6 verbose install     'govuk_frontend_toolkit',
6 verbose install     'govuk_template_mustache',
6 verbose install     'grunt',
6 verbose install     'grunt-cli',
6 verbose install     'grunt-concurrent',
6 verbose install     'grunt-contrib-clean',
6 verbose install     'grunt-contrib-copy',
6 verbose install     'grunt-contrib-watch',
6 verbose install     'grunt-nodemon',
6 verbose install     'grunt-sass',
6 verbose install     'grunt-text-replace',
6 verbose install     'hogan.js',
6 verbose install     'minimist',
6 verbose install     'node-sass',
6 verbose install     'readdir' ] ]
7 verbose from cache /Users/Jon/Desktop/git/charges-html-prototypes/package.json
8 info preinstall express-prototype@0.1.0
9 verbose read json /Users/Jon/Desktop/git/charges-html-prototypes/node_modules/consolidate/package.json
10 verbose read json /Users/Jon/Desktop/git/charges-html-prototypes/node_modules/cookie-session/package.json
11 verbose read json /Users/Jon/Desktop/git/charges-html-prototypes/node_modules/express/package.json
12 verbose read json /Users/Jon/Desktop/git/charges-html-prototypes/node_modules/express-writer/package.json
13 verbose read json /Users/Jon/Desktop/git/charges-html-prototypes/node_modules/govuk_frontend_toolkit/package.json
14 verbose read json /Users/Jon/Desktop/git/charges-html-prototypes/node_modules/govuk_template_mustache/package.json
15 verbose read json /Users/Jon/Desktop/git/charges-html-prototypes/node_modules/grunt/package.json
16 verbose read json /Users/Jon/Desktop/git/charges-html-prototypes/node_modules/grunt-cli/package.json
17 verbose read json /Users/Jon/Desktop/git/charges-html-prototypes/node_modules/grunt-concurrent/package.json
18 verbose read json /Users/Jon/Desktop/git/charges-html-prototypes/node_modules/grunt-contrib-clean/package.json
19 verbose read json /Users/Jon/Desktop/git/charges-html-prototypes/node_modules/grunt-contrib-copy/package.json
20 verbose read json /Users/Jon/Desktop/git/charges-html-prototypes/node_modules/grunt-contrib-watch/package.json
21 verbose read json /Users/Jon/Desktop/git/charges-html-prototypes/node_modules/grunt-nodemon/package.json
22 verbose read json /Users/Jon/Desktop/git/charges-html-prototypes/node_modules/grunt-text-replace/package.json
23 verbose read json /Users/Jon/Desktop/git/charges-html-prototypes/node_modules/hogan.js/package.json
24 verbose read json /Users/Jon/Desktop/git/charges-html-prototypes/node_modules/minimist/package.json
25 verbose read json /Users/Jon/Desktop/git/charges-html-prototypes/node_modules/readdir/package.json
26 verbose from cache /Users/Jon/Desktop/git/charges-html-prototypes/package.json
27 verbose readDependencies using package.json deps
28 verbose from cache /Users/Jon/Desktop/git/charges-html-prototypes/node_modules/consolidate/package.json
29 verbose from cache /Users/Jon/Desktop/git/charges-html-prototypes/node_modules/cookie-session/package.json
30 verbose from cache /Users/Jon/Desktop/git/charges-html-prototypes/node_modules/express/package.json
31 verbose from cache /Users/Jon/Desktop/git/charges-html-prototypes/node_modules/express-writer/package.json
32 verbose from cache /Users/Jon/Desktop/git/charges-html-prototypes/node_modules/govuk_frontend_toolkit/package.json
33 verbose from cache /Users/Jon/Desktop/git/charges-html-prototypes/node_modules/govuk_template_mustache/package.json
34 verbose from cache /Users/Jon/Desktop/git/charges-html-prototypes/node_modules/grunt/package.json
35 verbose from cache /Users/Jon/Desktop/git/charges-html-prototypes/node_modules/grunt-cli/package.json
36 verbose from cache /Users/Jon/Desktop/git/charges-html-prototypes/node_modules/grunt-concurrent/package.json
37 verbose from cache /Users/Jon/Desktop/git/charges-html-prototypes/node_modules/grunt-contrib-clean/package.json
38 verbose from cache /Users/Jon/Desktop/git/charges-html-prototypes/node_modules/grunt-contrib-copy/package.json
39 verbose from cache /Users/Jon/Desktop/git/charges-html-prototypes/node_modules/grunt-contrib-watch/package.json
40 verbose from cache /Users/Jon/Desktop/git/charges-html-prototypes/node_modules/grunt-nodemon/package.json
41 verbose from cache /Users/Jon/Desktop/git/charges-html-prototypes/node_modules/grunt-text-replace/package.json
42 verbose from cache /Users/Jon/Desktop/git/charges-html-prototypes/node_modules/hogan.js/package.json
43 verbose from cache /Users/Jon/Desktop/git/charges-html-prototypes/node_modules/minimist/package.json
44 verbose from cache /Users/Jon/Desktop/git/charges-html-prototypes/node_modules/readdir/package.json
45 verbose already installed skipping express@3.4.7 /Users/Jon/Desktop/git/charges-html-prototypes
46 verbose already installed skipping express-writer@0.0.4 /Users/Jon/Desktop/git/charges-html-prototypes
47 verbose already installed skipping govuk_frontend_toolkit@~3.1.0 /Users/Jon/Desktop/git/charges-html-prototypes
48 verbose already installed skipping govuk_template_mustache@~0.12.0 /Users/Jon/Desktop/git/charges-html-prototypes
49 verbose already installed skipping grunt@0.4.5 /Users/Jon/Desktop/git/charges-html-prototypes
50 verbose already installed skipping grunt-cli@0.1.13 /Users/Jon/Desktop/git/charges-html-prototypes
51 verbose already installed skipping grunt-concurrent@0.4.3 /Users/Jon/Desktop/git/charges-html-prototypes
52 verbose already installed skipping grunt-contrib-clean@0.5.0 /Users/Jon/Desktop/git/charges-html-prototypes
53 verbose already installed skipping grunt-contrib-copy@0.5.0 /Users/Jon/Desktop/git/charges-html-prototypes
54 verbose already installed skipping grunt-contrib-watch@0.5.3 /Users/Jon/Desktop/git/charges-html-prototypes
55 verbose already installed skipping grunt-nodemon@0.3.0 /Users/Jon/Desktop/git/charges-html-prototypes
56 verbose cache add [ 'grunt-sass@0.16.1', null ]
57 verbose cache add name=undefined spec="grunt-sass@0.16.1" args=["grunt-sass@0.16.1",null]
58 verbose parsed url { protocol: null,
58 verbose parsed url   slashes: null,
58 verbose parsed url   auth: null,
58 verbose parsed url   host: null,
58 verbose parsed url   port: null,
58 verbose parsed url   hostname: null,
58 verbose parsed url   hash: null,
58 verbose parsed url   search: null,
58 verbose parsed url   query: null,
58 verbose parsed url   pathname: 'grunt-sass@0.16.1',
58 verbose parsed url   path: 'grunt-sass@0.16.1',
58 verbose parsed url   href: 'grunt-sass@0.16.1' }
59 verbose cache add name="grunt-sass" spec="0.16.1" args=["grunt-sass","0.16.1"]
60 verbose parsed url { protocol: null,
60 verbose parsed url   slashes: null,
60 verbose parsed url   auth: null,
60 verbose parsed url   host: null,
60 verbose parsed url   port: null,
60 verbose parsed url   hostname: null,
60 verbose parsed url   hash: null,
60 verbose parsed url   search: null,
60 verbose parsed url   query: null,
60 verbose parsed url   pathname: '0.16.1',
60 verbose parsed url   path: '0.16.1',
60 verbose parsed url   href: '0.16.1' }
61 verbose addNamed [ 'grunt-sass', '0.16.1' ]
62 verbose addNamed [ '0.16.1', '0.16.1' ]
63 verbose already installed skipping grunt-text-replace@0.3.12 /Users/Jon/Desktop/git/charges-html-prototypes
64 verbose already installed skipping hogan.js@3.0.2 /Users/Jon/Desktop/git/charges-html-prototypes
65 silly lockFile 227ec09b-grunt-sass-0-16-1 grunt-sass@0.16.1
66 verbose lock grunt-sass@0.16.1 /Users/Jon/.npm/227ec09b-grunt-sass-0-16-1.lock
67 verbose already installed skipping minimist@0.0.8 /Users/Jon/Desktop/git/charges-html-prototypes
68 verbose cache add [ 'node-sass@1.2.3', null ]
69 verbose cache add name=undefined spec="node-sass@1.2.3" args=["node-sass@1.2.3",null]
70 verbose parsed url { protocol: null,
70 verbose parsed url   slashes: null,
70 verbose parsed url   auth: null,
70 verbose parsed url   host: null,
70 verbose parsed url   port: null,
70 verbose parsed url   hostname: null,
70 verbose parsed url   hash: null,
70 verbose parsed url   search: null,
70 verbose parsed url   query: null,
70 verbose parsed url   pathname: 'node-sass@1.2.3',
70 verbose parsed url   path: 'node-sass@1.2.3',
70 verbose parsed url   href: 'node-sass@1.2.3' }
71 verbose cache add name="node-sass" spec="1.2.3" args=["node-sass","1.2.3"]
72 verbose parsed url { protocol: null,
72 verbose parsed url   slashes: null,
72 verbose parsed url   auth: null,
72 verbose parsed url   host: null,
72 verbose parsed url   port: null,
72 verbose parsed url   hostname: null,
72 verbose parsed url   hash: null,
72 verbose parsed url   search: null,
72 verbose parsed url   query: null,
72 verbose parsed url   pathname: '1.2.3',
72 verbose parsed url   path: '1.2.3',
72 verbose parsed url   href: '1.2.3' }
73 verbose addNamed [ 'node-sass', '1.2.3' ]
74 verbose addNamed [ '1.2.3', '1.2.3' ]
75 silly lockFile 0245b596-node-sass-1-2-3 node-sass@1.2.3
76 verbose lock node-sass@1.2.3 /Users/Jon/.npm/0245b596-node-sass-1-2-3.lock
77 verbose already installed skipping readdir@0.0.6 /Users/Jon/Desktop/git/charges-html-prototypes
78 verbose url raw grunt-sass/0.16.1
79 verbose url resolving [ 'https://registry.npmjs.org/', './grunt-sass/0.16.1' ]
80 verbose url resolved https://registry.npmjs.org/grunt-sass/0.16.1
81 info trying registry request attempt 1 at 10:52:36
82 verbose etag "6XLS8Q88H2YE3Z6L1Q04HQSU6"
83 http GET https://registry.npmjs.org/grunt-sass/0.16.1
84 verbose already installed skipping consolidate@0.x /Users/Jon/Desktop/git/charges-html-prototypes
85 verbose cache add [ 'cookie-session@^1.1.0', null ]
86 verbose cache add name=undefined spec="cookie-session@^1.1.0" args=["cookie-session@^1.1.0",null]
87 verbose parsed url { protocol: null,
87 verbose parsed url   slashes: null,
87 verbose parsed url   auth: null,
87 verbose parsed url   host: null,
87 verbose parsed url   port: null,
87 verbose parsed url   hostname: null,
87 verbose parsed url   hash: null,
87 verbose parsed url   search: null,
87 verbose parsed url   query: null,
87 verbose parsed url   pathname: 'cookie-session@^1.1.0',
87 verbose parsed url   path: 'cookie-session@^1.1.0',
87 verbose parsed url   href: 'cookie-session@^1.1.0' }
88 verbose cache add name="cookie-session" spec="^1.1.0" args=["cookie-session","^1.1.0"]
89 verbose parsed url { protocol: null,
89 verbose parsed url   slashes: null,
89 verbose parsed url   auth: null,
89 verbose parsed url   host: null,
89 verbose parsed url   port: null,
89 verbose parsed url   hostname: null,
89 verbose parsed url   hash: null,
89 verbose parsed url   search: null,
89 verbose parsed url   query: null,
89 verbose parsed url   pathname: '^1.1.0',
89 verbose parsed url   path: '^1.1.0',
89 verbose parsed url   href: '^1.1.0' }
90 verbose addNamed [ 'cookie-session', '^1.1.0' ]
91 verbose addNamed [ null, null ]
92 silly lockFile d38e011b-cookie-session-1-1-0 cookie-session@^1.1.0
93 verbose lock cookie-session@^1.1.0 /Users/Jon/.npm/d38e011b-cookie-session-1-1-0.lock
94 info addNameTag [ 'cookie-session', '^1.1.0' ]
95 verbose url raw node-sass/1.2.3
96 verbose url resolving [ 'https://registry.npmjs.org/', './node-sass/1.2.3' ]
97 verbose url resolved https://registry.npmjs.org/node-sass/1.2.3
98 info trying registry request attempt 1 at 10:52:36
99 verbose etag "6CLOJ9QARHMBDFJXQ5SC6WF04"
100 http GET https://registry.npmjs.org/node-sass/1.2.3
101 verbose url raw cookie-session
102 verbose url resolving [ 'https://registry.npmjs.org/', './cookie-session' ]
103 verbose url resolved https://registry.npmjs.org/cookie-session
104 info trying registry request attempt 1 at 10:52:36
105 verbose etag "BG8Q0UA9XUN6BQHMT2XRO8RRN"
106 http GET https://registry.npmjs.org/cookie-session
107 http 304 https://registry.npmjs.org/node-sass/1.2.3
108 silly registry.get cb [ 304,
108 silly registry.get   { date: 'Fri, 06 Nov 2015 10:52:37 GMT',
108 silly registry.get     via: '1.1 varnish',
108 silly registry.get     'cache-control': 'max-age=60',
108 silly registry.get     etag: '"6CLOJ9QARHMBDFJXQ5SC6WF04"',
108 silly registry.get     age: '57',
108 silly registry.get     connection: 'keep-alive',
108 silly registry.get     'x-served-by': 'cache-lcy1134-LCY',
108 silly registry.get     'x-cache': 'HIT',
108 silly registry.get     'x-cache-hits': '1',
108 silly registry.get     'x-timer': 'S1446807157.050422,VS0,VE0',
108 silly registry.get     vary: 'Accept' } ]
109 verbose etag node-sass/1.2.3 from cache
110 http 304 https://registry.npmjs.org/cookie-session
111 silly registry.get cb [ 304,
111 silly registry.get   { date: 'Fri, 06 Nov 2015 10:52:37 GMT',
111 silly registry.get     via: '1.1 varnish',
111 silly registry.get     'cache-control': 'max-age=60',
111 silly registry.get     etag: '"BG8Q0UA9XUN6BQHMT2XRO8RRN"',
111 silly registry.get     age: '57',
111 silly registry.get     connection: 'keep-alive',
111 silly registry.get     'x-served-by': 'cache-lcy1122-LCY',
111 silly registry.get     'x-cache': 'HIT',
111 silly registry.get     'x-cache-hits': '1',
111 silly registry.get     'x-timer': 'S1446807157.052434,VS0,VE0',
111 silly registry.get     vary: 'Accept' } ]
112 verbose etag cookie-session from cache
113 silly lockFile d38e011b-cookie-session-1-1-0 cookie-session@^1.1.0
114 silly lockFile d38e011b-cookie-session-1-1-0 cookie-session@^1.1.0
115 verbose read json /Users/Jon/.npm/node-sass/1.2.3/package/package.json
116 error Error: No compatible version found: cookie-session@'^1.1.0'
116 error Valid install targets:
116 error ["1.0.0","1.0.1","1.0.2","1.1.0","1.2.0","2.0.0-alpha.1"]
116 error     at installTargetsError (/usr/local/lib/node_modules/npm/lib/cache.js:682:10)
116 error     at /usr/local/lib/node_modules/npm/lib/cache.js:597:10
116 error     at saved (/usr/local/lib/node_modules/npm/node_modules/npm-registry-client/lib/get.js:138:7)
116 error     at Object.oncomplete (fs.js:93:15)
117 error If you need help, you may report this log at:
117 error     <http://github.com/isaacs/npm/issues>
117 error or email it to:
117 error     <npm-@googlegroups.com>
118 error System Darwin 15.0.0
119 error command "node" "/usr/local/bin/npm" "install"
120 error cwd /Users/Jon/Desktop/git/charges-html-prototypes
121 error node -v v0.10.0
122 error npm -v 1.2.14
123 verbose exit [ 1, true ]
